{"name":"Login with correct user name and password","testSteps":[{"number":1,"description":"Given Open Login skype page","duration":31808,"startTime":1468813531618,"screenshots":[{"screenshot":"82ad09ab201260ea96bc543e1bcc3312.png"}],"result":"SUCCESS","children":[{"number":2,"description":"Open login page","duration":31077,"startTime":1468813531972,"screenshots":[{"screenshot":"82ad09ab201260ea96bc543e1bcc3312.png"}],"result":"SUCCESS"}]},{"number":3,"description":"When \"nhatdhse\" logged in with password is \"dung2192\"","duration":6378,"startTime":1468813563427,"screenshots":[{"screenshot":"82ad09ab201260ea96bc543e1bcc3312.png"}],"exception":{"errorType":"org.openqa.selenium.NoSuchElementException","message":"Timed out after 2 seconds. Element not found\nFor documentation on this error, please visit: http://seleniumhq.org/exceptions/no_such_element.html\nBuild info: version: \u00272.53.0\u0027, revision: \u002735ae25b1534ae328c771e0856c93e187490ca824\u0027, time: \u00272016-03-15 10:43:46\u0027\nSystem info: host: \u0027101NhatDH3\u0027, ip: \u002710.16.35.102\u0027, os.name: \u0027Windows 7\u0027, os.arch: \u0027amd64\u0027, os.version: \u00276.1\u0027, java.version: \u00271.8.0_45\u0027\nDriver info: driver.version: unknown\nFor documentation on this error, please visit: http://seleniumhq.org/exceptions/no_such_element.html\nBuild info: version: \u00272.53.0\u0027, revision: \u002735ae25b1534ae328c771e0856c93e187490ca824\u0027, time: \u00272016-03-15 10:43:46\u0027\nSystem info: host: \u0027101NhatDH3\u0027, ip: \u002710.16.35.102\u0027, os.name: \u0027Windows 7\u0027, os.arch: \u0027amd64\u0027, os.version: \u00276.1\u0027, java.version: \u00271.8.0_45\u0027\nDriver info: driver.version: unknown","stackTrace":[{"declaringClass":"vn.mycompany.auto.pages.LoginPage","methodName":"enterUser","fileName":"LoginPage.java","lineNumber":25},{"declaringClass":"vn.mycompany.auto.pages.LoginPage","methodName":"loginSkype","fileName":"LoginPage.java","lineNumber":37},{"declaringClass":"vn.mycompany.auto.steps.LoginSteps","methodName":"logInSkype","fileName":"LoginSteps.java","lineNumber":26},{"declaringClass":"vn.mycompany.auto.cucumber.LoginSkypeSteps","methodName":"logged_in_with_password_is","fileName":"LoginSkypeSteps.java","lineNumber":29}],"COLLAPSE_NEW_LINE_HINTS":["AssertionError","Expected","Expecting","ComparisonFailure"]},"result":"ERROR","children":[{"number":4,"description":"Log in skype: nhatdhse, dung2192","duration":6305,"startTime":1468813563482,"screenshots":[{"screenshot":"82ad09ab201260ea96bc543e1bcc3312.png"}],"exception":{"errorType":"org.openqa.selenium.NoSuchElementException","message":"Timed out after 2 seconds. Element not found\nFor documentation on this error, please visit: http://seleniumhq.org/exceptions/no_such_element.html\nBuild info: version: \u00272.53.0\u0027, revision: \u002735ae25b1534ae328c771e0856c93e187490ca824\u0027, time: \u00272016-03-15 10:43:46\u0027\nSystem info: host: \u0027101NhatDH3\u0027, ip: \u002710.16.35.102\u0027, os.name: \u0027Windows 7\u0027, os.arch: \u0027amd64\u0027, os.version: \u00276.1\u0027, java.version: \u00271.8.0_45\u0027\nDriver info: driver.version: unknown","stackTrace":[{"declaringClass":"vn.mycompany.auto.pages.LoginPage","methodName":"enterUser","fileName":"LoginPage.java","lineNumber":25},{"declaringClass":"vn.mycompany.auto.pages.LoginPage","methodName":"loginSkype","fileName":"LoginPage.java","lineNumber":37},{"declaringClass":"vn.mycompany.auto.steps.LoginSteps","methodName":"logInSkype","fileName":"LoginSteps.java","lineNumber":26},{"declaringClass":"vn.mycompany.auto.cucumber.LoginSkypeSteps","methodName":"logged_in_with_password_is","fileName":"LoginSkypeSteps.java","lineNumber":29}],"COLLAPSE_NEW_LINE_HINTS":["AssertionError","Expected","Expecting","ComparisonFailure"]},"result":"ERROR"}]},{"number":5,"description":"Then I verify page title is \"Skype My Account\"","duration":1,"startTime":1468813569806,"result":"SKIPPED"}],"userStory":{"id":"login-skype-page","storyName":"Login Skype Page","path":"src/test/resources/features/login/Interview2.feature","type":"feature"},"title":"Login with correct user name and password","description":"","tags":[{"name":"tag4","type":"tag"},{"name":"tag","type":"tag"},{"name":"Login Skype Page","type":"feature"}],"startTime":1468813531420,"duration":38392,"testFailureCause":{"errorType":"org.openqa.selenium.NoSuchElementException","message":"Timed out after 2 seconds. Element not found\nFor documentation on this error, please visit: http://seleniumhq.org/exceptions/no_such_element.html\nBuild info: version: \u00272.53.0\u0027, revision: \u002735ae25b1534ae328c771e0856c93e187490ca824\u0027, time: \u00272016-03-15 10:43:46\u0027\nSystem info: host: \u0027101NhatDH3\u0027, ip: \u002710.16.35.102\u0027, os.name: \u0027Windows 7\u0027, os.arch: \u0027amd64\u0027, os.version: \u00276.1\u0027, java.version: \u00271.8.0_45\u0027\nDriver info: driver.version: unknown","stackTrace":[{"declaringClass":"vn.mycompany.auto.pages.LoginPage","methodName":"enterUser","fileName":"LoginPage.java","lineNumber":25},{"declaringClass":"vn.mycompany.auto.pages.LoginPage","methodName":"loginSkype","fileName":"LoginPage.java","lineNumber":37},{"declaringClass":"vn.mycompany.auto.steps.LoginSteps","methodName":"logInSkype","fileName":"LoginSteps.java","lineNumber":26},{"declaringClass":"vn.mycompany.auto.cucumber.LoginSkypeSteps","methodName":"logged_in_with_password_is","fileName":"LoginSkypeSteps.java","lineNumber":29}],"COLLAPSE_NEW_LINE_HINTS":["AssertionError","Expected","Expecting","ComparisonFailure"]},"testFailureClassname":"java.lang.AssertionError","testFailureMessage":"Timed out after 2 seconds. Element not found\nFor documentation on this error, please visit: http://seleniumhq.org/exceptions/no_such_element.html\nBuild info: version: \u00272.53.0\u0027, revision: \u002735ae25b1534ae328c771e0856c93e187490ca824\u0027, time: \u00272016-03-15 10:43:46\u0027\nSystem info: host: \u0027101NhatDH3\u0027, ip: \u002710.16.35.102\u0027, os.name: \u0027Windows 7\u0027, os.arch: \u0027amd64\u0027, os.version: \u00276.1\u0027, java.version: \u00271.8.0_45\u0027\nDriver info: driver.version: unknown\r\nTimed out after 2 seconds. Element not found\nFor documentation on this error, please visit: http://seleniumhq.org/exceptions/no_such_element.html\nBuild info: version: \u00272.53.0\u0027, revision: \u002735ae25b1534ae328c771e0856c93e187490ca824\u0027, time: \u00272016-03-15 10:43:46\u0027\nSystem info: host: \u0027101NhatDH3\u0027, ip: \u002710.16.35.102\u0027, os.name: \u0027Windows 7\u0027, os.arch: \u0027amd64\u0027, os.version: \u00276.1\u0027, java.version: \u00271.8.0_45\u0027\nDriver info: driver.version: unknown\nFor documentation on this error, please visit: http://seleniumhq.org/exceptions/no_such_element.html\nBuild info: version: \u00272.53.0\u0027, revision: \u002735ae25b1534ae328c771e0856c93e187490ca824\u0027, time: \u00272016-03-15 10:43:46\u0027\nSystem info: host: \u0027101NhatDH3\u0027, ip: \u002710.16.35.102\u0027, os.name: \u0027Windows 7\u0027, os.arch: \u0027amd64\u0027, os.version: \u00276.1\u0027, java.version: \u00271.8.0_45\u0027\nDriver info: driver.version: unknown","annotatedResult":"ERROR","sessionId":"17d95d4f-ca2b-4928-ae8d-89029300d782","driver":"firefox","manual":false,"result":"ERROR"}