<acceptance-test-run title="Login with correct user name and password" name="Login with correct user name and password" description="" steps="3" successful="1" failures="0" errors="1" skipped="1" ignored="0" pending="0" annotated-result="ERROR" result="ERROR" duration="38392" timestamp="2016-07-18T10:45:31.420+07:00" session-id="17d95d4f-ca2b-4928-ae8d-89029300d782">
  <user-story id="login-skype-page" name="Login Skype Page" path="src/test/resources/features/login/Interview2.feature"/>
  <tags>
    <tag name="Login Skype Page" type="feature"/>
    <tag name="tag" type="tag"/>
    <tag name="tag4" type="tag"/>
  </tags>
  <test-group name="Given Open Login skype page" result="SUCCESS">
    <screenshots>
      <screenshot image="82ad09ab201260ea96bc543e1bcc3312.png"/>
    </screenshots>
    <test-step result="SUCCESS" duration="31077">
      <screenshots>
        <screenshot image="82ad09ab201260ea96bc543e1bcc3312.png"/>
      </screenshots>
      <description>Open login page</description>
    </test-step>
  </test-group>
  <test-group name="When &quot;nhatdhse&quot; logged in with password is &quot;dung2192&quot;" result="ERROR">
    <screenshots>
      <screenshot image="82ad09ab201260ea96bc543e1bcc3312.png"/>
    </screenshots>
    <test-step result="ERROR" duration="6305">
      <screenshots>
        <screenshot image="82ad09ab201260ea96bc543e1bcc3312.png"/>
      </screenshots>
      <description>Log in skype: nhatdhse, dung2192</description>
      <error>org.openqa.selenium.NoSuchElementException: Timed out after 2 seconds. Element not found
For documentation on this error, please visit: http://seleniumhq.org/exceptions/no_such_element.html
Build info: version: &apos;2.53.0&apos;, revision: &apos;35ae25b1534ae328c771e0856c93e187490ca824&apos;, time: &apos;2016-03-15 10:43:46&apos;
System info: host: &apos;101NhatDH3&apos;, ip: &apos;10.16.35.102&apos;, os.name: &apos;Windows 7&apos;, os.arch: &apos;amd64&apos;, os.version: &apos;6.1&apos;, java.version: &apos;1.8.0_45&apos;
Driver info: driver.version: unknown</error>
      <exception>org.openqa.selenium.NoSuchElementException:Timed out after 2 seconds. Element not found
For documentation on this error, please visit: http://seleniumhq.org/exceptions/no_such_element.html
Build info: version: &apos;2.53.0&apos;, revision: &apos;35ae25b1534ae328c771e0856c93e187490ca824&apos;, time: &apos;2016-03-15 10:43:46&apos;
System info: host: &apos;101NhatDH3&apos;, ip: &apos;10.16.35.102&apos;, os.name: &apos;Windows 7&apos;, os.arch: &apos;amd64&apos;, os.version: &apos;6.1&apos;, java.version: &apos;1.8.0_45&apos;
Driver info: driver.version: unknown&#xd;
[vn.mycompany.auto.pages.LoginPage.enterUser(LoginPage.java:25), vn.mycompany.auto.pages.LoginPage.loginSkype(LoginPage.java:37), vn.mycompany.auto.steps.LoginSteps.logInSkype(LoginSteps.java:26), vn.mycompany.auto.cucumber.LoginSkypeSteps.logged_in_with_password_is(LoginSkypeSteps.java:29)]</exception>
    </test-step>
  </test-group>
  <test-step result="SKIPPED" duration="1">
    <description>Then I verify page title is &quot;Skype My Account&quot;</description>
  </test-step>
</acceptance-test-run>